<?xml version="1.0" encoding="UTF-8"?>
<testng-results ignored="0" total="1" passed="1" failed="0" skipped="0">
  <reporter-output>
  </reporter-output>
  <suite started-at="2021-10-19T14:55:12 IST" name="Default suite" finished-at="2021-10-19T14:57:15 IST" duration-ms="122488">
    <groups>
    </groups>
    <test started-at="2021-10-19T14:55:12 IST" name="Default test" finished-at="2021-10-19T14:57:15 IST" duration-ms="122488">
      <class name="com.homeaharaa.TestRunner.web.TC1_papadshippingprice">
        <test-method is-config="true" signature="launchApp()[pri:0, instance:com.homeaharaa.TestRunner.web.TC1_papadshippingprice@49c90a9c]" started-at="2021-10-19T14:55:12 IST" name="launchApp" finished-at="2021-10-19T14:55:44 IST" duration-ms="31696" status="PASS">
          <reporter-output>
          </reporter-output>
        </test-method> <!-- launchApp -->
        <test-method signature="validatesweetitems()[pri:1, instance:com.homeaharaa.TestRunner.web.TC1_papadshippingprice@49c90a9c]" started-at="2021-10-19T14:55:44 IST" name="validatesweetitems" description="Validate all the items" finished-at="2021-10-19T14:57:14 IST" duration-ms="90067" status="PASS">
          <reporter-output>
          </reporter-output>
        </test-method> <!-- validatesweetitems -->
        <test-method is-config="true" signature="endApp()[pri:0, instance:com.homeaharaa.TestRunner.web.TC1_papadshippingprice@49c90a9c]" started-at="2021-10-19T14:57:14 IST" name="endApp" finished-at="2021-10-19T14:57:15 IST" duration-ms="528" status="PASS">
          <reporter-output>
          </reporter-output>
        </test-method> <!-- endApp -->
      </class> <!-- com.homeaharaa.TestRunner.web.TC1_papadshippingprice -->
    </test> <!-- Default test -->
  </suite> <!-- Default suite -->
</testng-results>
